<?xml version="1.0" encoding="UTF-8"?><testsuite errors="0" failures="1" name="Automatizacion Farmatodo" skipped="0" tests="3" time="164.41" timestamp="2021-10-18 04:10:16"><testcase name="Registro exitoso"/><testcase name="Registro incorrcto cedula"><failure message="Expected enabled element was not enabled&#10;Build info: version: '3.141.59', revision: 'e82be7d358', time: '2018-11-14T08:17:03'&#10;System info: host: 'LAPTOP-RAG7T97N', ip: '192.168.218.1', os.name: 'Windows 10', os.arch: 'amd64', os.version: '10.0', java.version: '1.8.0_261'&#10;Driver info: driver.version: unknown" type="net.thucydides.core.webdriver.exceptions.ElementShouldBeEnabledException">Expected enabled element was not enabled
Build info: version: '3.141.59', revision: 'e82be7d358', time: '2018-11-14T08:17:03'
System info: host: 'LAPTOP-RAG7T97N', ip: '192.168.218.1', os.name: 'Windows 10', os.arch: 'amd64', os.version: '10.0', java.version: '1.8.0_261'
Driver info: driver.version: unknown</failure><system-err>Expected enabled element was not enabled
Build info: version: '3.141.59', revision: 'e82be7d358', time: '2018-11-14T08:17:03'
System info: host: 'LAPTOP-RAG7T97N', ip: '192.168.218.1', os.name: 'Windows 10', os.arch: 'amd64', os.version: '10.0', java.version: '1.8.0_261'
Driver info: driver.version: unknown&#13;
com.farmatodo.test.pageobject.Page_Object_Farmatodo.click_en_registrate_aqui(Page_Object_Farmatodo.java:51)&#13;
com.farmatodo.test.steps.Steps_Farmatodo.click_en_registrate_aqui(Steps_Farmatodo.java:19)&#13;
com.farmatodo.test.definitions.Definitions_Farmatodo.dar_click_en_registrate_aqui(Definitions_Farmatodo.java:27)&#13;
✽.Dar click en registrate aqui(src/test/resources/feature/farmatodo.feature:31)&#13;
</system-err></testcase><testcase name="Registro incorrecto numero de telefono"/></testsuite>